Copying "/home/geldo/.local/share/Steam/steamapps/common/Leadwerks/Templates/Common/$PROJECT_NAME" to "/home/geldo/Documents/Leadwerks/Projects/RedRequest/RedRequest"...

Copying "/home/geldo/.local/share/Steam/steamapps/common/Leadwerks/Templates/Common/$PROJECT_NAME.exe" to "/home/geldo/Documents/Leadwerks/Projects/RedRequest/RedRequest.exe"...

Copying "/home/geldo/.local/share/Steam/steamapps/common/Leadwerks/Templates/Common/Materials\Grass\grass01dot3.tex" to "/home/geldo/Documents/Leadwerks/Projects/RedRequest/Materials\Grass\grass01dot3.tex"...

Copying "/home/geldo/.local/share/Steam/steamapps/common/Leadwerks/Templates/Common/Materials\Grass\grass01.tex.meta" to "/home/geldo/Documents/Leadwerks/Projects/RedRequest/Materials\Grass\grass01.tex.meta"...

Copying "/home/geldo/.local/share/Steam/steamapps/common/Leadwerks/Templates/Common/Materials\Grass\grass01.mat.meta" to "/home/geldo/Documents/Leadwerks/Projects/RedRequest/Materials\Grass\grass01.mat.meta"...

Copying "/home/geldo/.local/share/Steam/steamapps/common/Leadwerks/Templates/Common/Materials\Grass\grass01.mat" to "/home/geldo/Documents/Leadwerks/Projects/RedRequest/Materials\Grass\grass01.mat"...

Copying "/home/geldo/.local/share/Steam/steamapps/common/Leadwerks/Templates/Common/Materials\Grass\grass01dot3.tex.meta" to "/home/geldo/Documents/Leadwerks/Projects/RedRequest/Materials\Grass\grass01dot3.tex.meta"...

Copying "/home/geldo/.local/share/Steam/steamapps/common/Leadwerks/Templates/Common/Materials\Grass\grass01.tex" to "/home/geldo/Documents/Leadwerks/Projects/RedRequest/Materials\Grass\grass01.tex"...

Copying "/home/geldo/.local/share/Steam/steamapps/common/Leadwerks/Templates/Common/Materials\Sky\skybox_texture.mat.meta" to "/home/geldo/Documents/Leadwerks/Projects/RedRequest/Materials\Sky\skybox_texture.mat.meta"...

Copying "/home/geldo/.local/share/Steam/steamapps/common/Leadwerks/Templates/Common/Materials\Sky\skybox_texture.mat" to "/home/geldo/Documents/Leadwerks/Projects/RedRequest/Materials\Sky\skybox_texture.mat"...

Copying "/home/geldo/.local/share/Steam/steamapps/common/Leadwerks/Templates/Common/Materials\Sky\skybox_texture.tex" to "/home/geldo/Documents/Leadwerks/Projects/RedRequest/Materials\Sky\skybox_texture.tex"...

Copying "/home/geldo/.local/share/Steam/steamapps/common/Leadwerks/Templates/Common/Materials\Sky\skybox_texture.tex.meta" to "/home/geldo/Documents/Leadwerks/Projects/RedRequest/Materials\Sky\skybox_texture.tex.meta"...

Copying "/home/geldo/.local/share/Steam/steamapps/common/Leadwerks/Templates/Common/$PROJECT_NAME.debug.exe" to "/home/geldo/Documents/Leadwerks/Projects/RedRequest/RedRequest.debug.exe"...

Copying "/home/geldo/.local/share/Steam/steamapps/common/Leadwerks/Templates/Common/Shaders\Drawing\drawimageu.shader" to "/home/geldo/Documents/Leadwerks/Projects/RedRequest/Shaders\Drawing\drawimageu.shader"...

Copying "/home/geldo/.local/share/Steam/steamapps/common/Leadwerks/Templates/Common/Shaders\Vegetation\billboard_top.shader" to "/home/geldo/Documents/Leadwerks/Projects/RedRequest/Shaders\Vegetation\billboard_top.shader"...

Copying "/home/geldo/.local/share/Steam/steamapps/common/Leadwerks/Templates/Common/Shaders\Vegetation\copybillboard.shader" to "/home/geldo/Documents/Leadwerks/Projects/RedRequest/Shaders\Vegetation\copybillboard.shader"...

Copying "/home/geldo/.local/share/Steam/steamapps/common/Leadwerks/Templates/Common/Shaders\Vegetation\diffuse.shader" to "/home/geldo/Documents/Leadwerks/Projects/RedRequest/Shaders\Vegetation\diffuse.shader"...

Copying "/home/geldo/.local/share/Steam/steamapps/common/Leadwerks/Templates/Common/Shaders\Vegetation\billboard_side.shader" to "/home/geldo/Documents/Leadwerks/Projects/RedRequest/Shaders\Vegetation\billboard_side.shader"...

Copying "/home/geldo/.local/share/Steam/steamapps/common/Leadwerks/Templates/Common/Shaders\Vegetation\groundplants.shader" to "/home/geldo/Documents/Leadwerks/Projects/RedRequest/Shaders\Vegetation\groundplants.shader"...

Copying "/home/geldo/.local/share/Steam/steamapps/common/Leadwerks/Templates/Common/Shaders\Vegetation\frustumcull.shader" to "/home/geldo/Documents/Leadwerks/Projects/RedRequest/Shaders\Vegetation\frustumcull.shader"...

Copying "/home/geldo/.local/share/Steam/steamapps/common/Leadwerks/Templates/Common/Shaders\Vegetation\leaves.shader" to "/home/geldo/Documents/Leadwerks/Projects/RedRequest/Shaders\Vegetation\leaves.shader"...

Copying "/home/geldo/.local/share/Steam/steamapps/common/Leadwerks/Templates/Common/Shaders\Vegetation\billboard.shader" to "/home/geldo/Documents/Leadwerks/Projects/RedRequest/Shaders\Vegetation\billboard.shader"...

Copying "/home/geldo/.local/share/Steam/steamapps/common/Leadwerks/Templates/Common/Shaders\Vegetation\Shadow\billboard_top.shader" to "/home/geldo/Documents/Leadwerks/Projects/RedRequest/Shaders\Vegetation\Shadow\billboard_top.shader"...

Copying "/home/geldo/.local/share/Steam/steamapps/common/Leadwerks/Templates/Common/Shaders\Vegetation\Shadow\billboard_side.shader" to "/home/geldo/Documents/Leadwerks/Projects/RedRequest/Shaders\Vegetation\Shadow\billboard_side.shader"...

Copying "/home/geldo/.local/share/Steam/steamapps/common/Leadwerks/Templates/Common/Shaders\Vegetation\Shadow\groundplants.shader" to "/home/geldo/Documents/Leadwerks/Projects/RedRequest/Shaders\Vegetation\Shadow\groundplants.shader"...

Copying "/home/geldo/.local/share/Steam/steamapps/common/Leadwerks/Templates/Common/Shaders\Vegetation\Shadow\shadow.shader" to "/home/geldo/Documents/Leadwerks/Projects/RedRequest/Shaders\Vegetation\Shadow\shadow.shader"...

Copying "/home/geldo/.local/share/Steam/steamapps/common/Leadwerks/Templates/Common/Shaders\Vegetation\Shadow\leaves.shader" to "/home/geldo/Documents/Leadwerks/Projects/RedRequest/Shaders\Vegetation\Shadow\leaves.shader"...

Copying "/home/geldo/.local/share/Steam/steamapps/common/Leadwerks/Templates/Common/Shaders\Vegetation\diffuse+normal.shader" to "/home/geldo/Documents/Leadwerks/Projects/RedRequest/Shaders\Vegetation\diffuse+normal.shader"...

Copying "/home/geldo/.local/share/Steam/steamapps/common/Leadwerks/Templates/Common/Shaders\Model\leaves.shader" to "/home/geldo/Documents/Leadwerks/Projects/RedRequest/Shaders\Model\leaves.shader"...

Copying "/home/geldo/.local/share/Steam/steamapps/common/Leadwerks/Templates/Common/Shaders\Model\diffuse+normal+specular+env.shader" to "/home/geldo/Documents/Leadwerks/Projects/RedRequest/Shaders\Model\diffuse+normal+specular+env.shader"...

Copying "/home/geldo/.local/share/Steam/steamapps/common/Leadwerks/Templates/Common/Shaders\Terrain\terrain_lowres.shader" to "/home/geldo/Documents/Leadwerks/Projects/RedRequest/Shaders\Terrain\terrain_lowres.shader"...

Copying "/home/geldo/.local/share/Steam/steamapps/common/Leadwerks/Templates/Common/Shaders\Terrain\textured_lowres.shader" to "/home/geldo/Documents/Leadwerks/Projects/RedRequest/Shaders\Terrain\textured_lowres.shader"...

Copying "/home/geldo/.local/share/Steam/steamapps/common/Leadwerks/Templates/Common/Shaders\Terrain\terrain.shader" to "/home/geldo/Documents/Leadwerks/Projects/RedRequest/Shaders\Terrain\terrain.shader"...

Copying "/home/geldo/.local/share/Steam/steamapps/common/Leadwerks/Templates/Common/Shaders\Editor\TerrainTools\vegetationpaint.shader" to "/home/geldo/Documents/Leadwerks/Projects/RedRequest/Shaders\Editor\TerrainTools\vegetationpaint.shader"...

Copying "/home/geldo/.local/share/Steam/steamapps/common/Leadwerks/Templates/Common/Scripts\Objects\AI\MonsterAI.lua" to "/home/geldo/Documents/Leadwerks/Projects/RedRequest/Scripts\Objects\AI\MonsterAI.lua"...

Copying "/home/geldo/.local/share/Steam/steamapps/common/Leadwerks/Templates/Common/Models\Grass\grass01_billboard1_emission.tex.meta" to "/home/geldo/Documents/Leadwerks/Projects/RedRequest/Models\Grass\grass01_billboard1_emission.tex.meta"...

Copying "/home/geldo/.local/share/Steam/steamapps/common/Leadwerks/Templates/Common/Models\Grass\grass01_billboard1_diffuse.tex" to "/home/geldo/Documents/Leadwerks/Projects/RedRequest/Models\Grass\grass01_billboard1_diffuse.tex"...

Copying "/home/geldo/.local/share/Steam/steamapps/common/Leadwerks/Templates/Common/Models\Grass\gras-long-dry-diff.tex" to "/home/geldo/Documents/Leadwerks/Projects/RedRequest/Models\Grass\gras-long-dry-diff.tex"...

Copying "/home/geldo/.local/share/Steam/steamapps/common/Leadwerks/Templates/Common/Models\Grass\grass01_billboard0_diffuse.tex.meta" to "/home/geldo/Documents/Leadwerks/Projects/RedRequest/Models\Grass\grass01_billboard0_diffuse.tex.meta"...

Copying "/home/geldo/.local/share/Steam/steamapps/common/Leadwerks/Templates/Common/Models\Grass\grass01_billboard1_normal.tex" to "/home/geldo/Documents/Leadwerks/Projects/RedRequest/Models\Grass\grass01_billboard1_normal.tex"...

Copying "/home/geldo/.local/share/Steam/steamapps/common/Leadwerks/Templates/Common/Models\Grass\grass01_billboard1_normal.tex.meta" to "/home/geldo/Documents/Leadwerks/Projects/RedRequest/Models\Grass\grass01_billboard1_normal.tex.meta"...

Copying "/home/geldo/.local/share/Steam/steamapps/common/Leadwerks/Templates/Common/Models\Grass\grass01.mdl.meta" to "/home/geldo/Documents/Leadwerks/Projects/RedRequest/Models\Grass\grass01.mdl.meta"...

Copying "/home/geldo/.local/share/Steam/steamapps/common/Leadwerks/Templates/Common/Models\Grass\gras-long-dry-diff.mat" to "/home/geldo/Documents/Leadwerks/Projects/RedRequest/Models\Grass\gras-long-dry-diff.mat"...

Copying "/home/geldo/.local/share/Steam/steamapps/common/Leadwerks/Templates/Common/Models\Grass\gras-long.mat.meta" to "/home/geldo/Documents/Leadwerks/Projects/RedRequest/Models\Grass\gras-long.mat.meta"...

Copying "/home/geldo/.local/share/Steam/steamapps/common/Leadwerks/Templates/Common/Models\Grass\gras-long-dry-diff.tex.meta" to "/home/geldo/Documents/Leadwerks/Projects/RedRequest/Models\Grass\gras-long-dry-diff.tex.meta"...

Copying "/home/geldo/.local/share/Steam/steamapps/common/Leadwerks/Templates/Common/Models\Grass\gras-long-dry.mdl.meta" to "/home/geldo/Documents/Leadwerks/Projects/RedRequest/Models\Grass\gras-long-dry.mdl.meta"...

Copying "/home/geldo/.local/share/Steam/steamapps/common/Leadwerks/Templates/Common/Models\Grass\grass01_billboard1_diffuse.tex.meta" to "/home/geldo/Documents/Leadwerks/Projects/RedRequest/Models\Grass\grass01_billboard1_diffuse.tex.meta"...

Copying "/home/geldo/.local/share/Steam/steamapps/common/Leadwerks/Templates/Common/Models\Grass\grass01_billboard0_normal.tex" to "/home/geldo/Documents/Leadwerks/Projects/RedRequest/Models\Grass\grass01_billboard0_normal.tex"...

Copying "/home/geldo/.local/share/Steam/steamapps/common/Leadwerks/Templates/Common/Models\Grass\gras-long-dry-diff.mat.meta" to "/home/geldo/Documents/Leadwerks/Projects/RedRequest/Models\Grass\gras-long-dry-diff.mat.meta"...

Copying "/home/geldo/.local/share/Steam/steamapps/common/Leadwerks/Templates/Common/Models\Grass\grass01_billboard1_emission.tex" to "/home/geldo/Documents/Leadwerks/Projects/RedRequest/Models\Grass\grass01_billboard1_emission.tex"...

Copying "/home/geldo/.local/share/Steam/steamapps/common/Leadwerks/Templates/Common/Models\Grass\grass01_billboard0_emission.tex.meta" to "/home/geldo/Documents/Leadwerks/Projects/RedRequest/Models\Grass\grass01_billboard0_emission.tex.meta"...

Copying "/home/geldo/.local/share/Steam/steamapps/common/Leadwerks/Templates/Common/Models\Grass\grass.mdl.meta" to "/home/geldo/Documents/Leadwerks/Projects/RedRequest/Models\Grass\grass.mdl.meta"...

Copying "/home/geldo/.local/share/Steam/steamapps/common/Leadwerks/Templates/Common/Models\Grass\gras-long-dry.mat.meta" to "/home/geldo/Documents/Leadwerks/Projects/RedRequest/Models\Grass\gras-long-dry.mat.meta"...

Copying "/home/geldo/.local/share/Steam/steamapps/common/Leadwerks/Templates/Common/Models\Grass\gras-long-diff_dot3.tex" to "/home/geldo/Documents/Leadwerks/Projects/RedRequest/Models\Grass\gras-long-diff_dot3.tex"...

Copying "/home/geldo/.local/share/Steam/steamapps/common/Leadwerks/Templates/Common/Models\Grass\gras-long-diff.tex.meta" to "/home/geldo/Documents/Leadwerks/Projects/RedRequest/Models\Grass\gras-long-diff.tex.meta"...

Copying "/home/geldo/.local/share/Steam/steamapps/common/Leadwerks/Templates/Common/Models\Grass\gras-long-diff_dot3.tex.meta" to "/home/geldo/Documents/Leadwerks/Projects/RedRequest/Models\Grass\gras-long-diff_dot3.tex.meta"...

Copying "/home/geldo/.local/share/Steam/steamapps/common/Leadwerks/Templates/Common/Models\Grass\gras-long.mdl.meta" to "/home/geldo/Documents/Leadwerks/Projects/RedRequest/Models\Grass\gras-long.mdl.meta"...

Copying "/home/geldo/.local/share/Steam/steamapps/common/Leadwerks/Templates/Common/Models\Grass\grass01.mdl" to "/home/geldo/Documents/Leadwerks/Projects/RedRequest/Models\Grass\grass01.mdl"...

Copying "/home/geldo/.local/share/Steam/steamapps/common/Leadwerks/Templates/Common/Models\Grass\grass01_billboard0_emission.tex" to "/home/geldo/Documents/Leadwerks/Projects/RedRequest/Models\Grass\grass01_billboard0_emission.tex"...

Copying "/home/geldo/.local/share/Steam/steamapps/common/Leadwerks/Templates/Common/Models\Grass\grass01_billboard0_diffuse.tex" to "/home/geldo/Documents/Leadwerks/Projects/RedRequest/Models\Grass\grass01_billboard0_diffuse.tex"...

Copying "/home/geldo/.local/share/Steam/steamapps/common/Leadwerks/Templates/Common/Models\Grass\grass01_billboard0_normal.tex.meta" to "/home/geldo/Documents/Leadwerks/Projects/RedRequest/Models\Grass\grass01_billboard0_normal.tex.meta"...

Copying "/home/geldo/.local/share/Steam/steamapps/common/Leadwerks/Templates/Common/Models\Trees\pine01_billboard1_normal.tex.meta" to "/home/geldo/Documents/Leadwerks/Projects/RedRequest/Models\Trees\pine01_billboard1_normal.tex.meta"...

Copying "/home/geldo/.local/share/Steam/steamapps/common/Leadwerks/Templates/Common/Models\Trees\pine01.mdl" to "/home/geldo/Documents/Leadwerks/Projects/RedRequest/Models\Trees\pine01.mdl"...

Copying "/home/geldo/.local/share/Steam/steamapps/common/Leadwerks/Templates/Common/Models\Trees\pine-leaf-fresh-diff.mat.meta" to "/home/geldo/Documents/Leadwerks/Projects/RedRequest/Models\Trees\pine-leaf-fresh-diff.mat.meta"...

Copying "/home/geldo/.local/share/Steam/steamapps/common/Leadwerks/Templates/Common/Models\Trees\pine-branch.mat.meta" to "/home/geldo/Documents/Leadwerks/Projects/RedRequest/Models\Trees\pine-branch.mat.meta"...

Copying "/home/geldo/.local/share/Steam/steamapps/common/Leadwerks/Templates/Common/Models\Trees\pine-trunk-diff.tex.meta" to "/home/geldo/Documents/Leadwerks/Projects/RedRequest/Models\Trees\pine-trunk-diff.tex.meta"...

Copying "/home/geldo/.local/share/Steam/steamapps/common/Leadwerks/Templates/Common/Models\Trees\pine-branch-diff.mat.meta" to "/home/geldo/Documents/Leadwerks/Projects/RedRequest/Models\Trees\pine-branch-diff.mat.meta"...

Copying "/home/geldo/.local/share/Steam/steamapps/common/Leadwerks/Templates/Common/Models\Trees\pine01.phy" to "/home/geldo/Documents/Leadwerks/Projects/RedRequest/Models\Trees\pine01.phy"...

Copying "/home/geldo/.local/share/Steam/steamapps/common/Leadwerks/Templates/Common/Models\Trees\pine01_billboard0_diffuse.tex.meta" to "/home/geldo/Documents/Leadwerks/Projects/RedRequest/Models\Trees\pine01_billboard0_diffuse.tex.meta"...

Copying "/home/geldo/.local/share/Steam/steamapps/common/Leadwerks/Templates/Common/Models\Trees\pine01_billboard0_normal.tex.meta" to "/home/geldo/Documents/Leadwerks/Projects/RedRequest/Models\Trees\pine01_billboard0_normal.tex.meta"...

Copying "/home/geldo/.local/share/Steam/steamapps/common/Leadwerks/Templates/Common/Models\Trees\pine-branch-norm.tex" to "/home/geldo/Documents/Leadwerks/Projects/RedRequest/Models\Trees\pine-branch-norm.tex"...

Copying "/home/geldo/.local/share/Steam/steamapps/common/Leadwerks/Templates/Common/Models\Trees\pine-leaf-fresh.mat" to "/home/geldo/Documents/Leadwerks/Projects/RedRequest/Models\Trees\pine-leaf-fresh.mat"...

Copying "/home/geldo/.local/share/Steam/steamapps/common/Leadwerks/Templates/Common/Models\Trees\pine01_billboard1_normal.tex" to "/home/geldo/Documents/Leadwerks/Projects/RedRequest/Models\Trees\pine01_billboard1_normal.tex"...

Copying "/home/geldo/.local/share/Steam/steamapps/common/Leadwerks/Templates/Common/Models\Trees\pine-leaf-fresh-diff.tex.meta" to "/home/geldo/Documents/Leadwerks/Projects/RedRequest/Models\Trees\pine-leaf-fresh-diff.tex.meta"...

Copying "/home/geldo/.local/share/Steam/steamapps/common/Leadwerks/Templates/Common/Models\Trees\pine01_billboard1_emission.tex" to "/home/geldo/Documents/Leadwerks/Projects/RedRequest/Models\Trees\pine01_billboard1_emission.tex"...

Copying "/home/geldo/.local/share/Steam/steamapps/common/Leadwerks/Templates/Common/Models\Trees\pine01_billboard0_normal.tex" to "/home/geldo/Documents/Leadwerks/Projects/RedRequest/Models\Trees\pine01_billboard0_normal.tex"...

Copying "/home/geldo/.local/share/Steam/steamapps/common/Leadwerks/Templates/Common/Models\Trees\pine-leaf-fresh-diff.tex" to "/home/geldo/Documents/Leadwerks/Projects/RedRequest/Models\Trees\pine-leaf-fresh-diff.tex"...

Copying "/home/geldo/.local/share/Steam/steamapps/common/Leadwerks/Templates/Common/Models\Trees\pine-trunk-norm.tex" to "/home/geldo/Documents/Leadwerks/Projects/RedRequest/Models\Trees\pine-trunk-norm.tex"...

Copying "/home/geldo/.local/share/Steam/steamapps/common/Leadwerks/Templates/Common/Models\Trees\pine01_billboard1_diffuse.tex.meta" to "/home/geldo/Documents/Leadwerks/Projects/RedRequest/Models\Trees\pine01_billboard1_diffuse.tex.meta"...

Copying "/home/geldo/.local/share/Steam/steamapps/common/Leadwerks/Templates/Common/Models\Trees\pine01_billboard0_emission.tex.meta" to "/home/geldo/Documents/Leadwerks/Projects/RedRequest/Models\Trees\pine01_billboard0_emission.tex.meta"...

Copying "/home/geldo/.local/share/Steam/steamapps/common/Leadwerks/Templates/Common/Models\Trees\pine01_billboard0_emission.tex" to "/home/geldo/Documents/Leadwerks/Projects/RedRequest/Models\Trees\pine01_billboard0_emission.tex"...

Copying "/home/geldo/.local/share/Steam/steamapps/common/Leadwerks/Templates/Common/Models\Trees\pine-branch.mat" to "/home/geldo/Documents/Leadwerks/Projects/RedRequest/Models\Trees\pine-branch.mat"...

Copying "/home/geldo/.local/share/Steam/steamapps/common/Leadwerks/Templates/Common/Models\Trees\pine-leaf-fresh-norm.tex" to "/home/geldo/Documents/Leadwerks/Projects/RedRequest/Models\Trees\pine-leaf-fresh-norm.tex"...

Copying "/home/geldo/.local/share/Steam/steamapps/common/Leadwerks/Templates/Common/Models\Trees\pine-leaf-fresh-norm.tex.meta" to "/home/geldo/Documents/Leadwerks/Projects/RedRequest/Models\Trees\pine-leaf-fresh-norm.tex.meta"...

Copying "/home/geldo/.local/share/Steam/steamapps/common/Leadwerks/Templates/Common/Models\Trees\pine-branch-diff.tex" to "/home/geldo/Documents/Leadwerks/Projects/RedRequest/Models\Trees\pine-branch-diff.tex"...

Copying "/home/geldo/.local/share/Steam/steamapps/common/Leadwerks/Templates/Common/Models\Trees\pine-branch-norm.tex.meta" to "/home/geldo/Documents/Leadwerks/Projects/RedRequest/Models\Trees\pine-branch-norm.tex.meta"...

Copying "/home/geldo/.local/share/Steam/steamapps/common/Leadwerks/Templates/Common/Models\Trees\pine-trunk-norm.tex.meta" to "/home/geldo/Documents/Leadwerks/Projects/RedRequest/Models\Trees\pine-trunk-norm.tex.meta"...

Copying "/home/geldo/.local/share/Steam/steamapps/common/Leadwerks/Templates/Common/Models\Trees\pine-trunk-diff.tex" to "/home/geldo/Documents/Leadwerks/Projects/RedRequest/Models\Trees\pine-trunk-diff.tex"...

Copying "/home/geldo/.local/share/Steam/steamapps/common/Leadwerks/Templates/Common/Models\Trees\pine-leaf-fresh.mat.meta" to "/home/geldo/Documents/Leadwerks/Projects/RedRequest/Models\Trees\pine-leaf-fresh.mat.meta"...

Copying "/home/geldo/.local/share/Steam/steamapps/common/Leadwerks/Templates/Common/Models\Trees\pine-branch-diff.tex.meta" to "/home/geldo/Documents/Leadwerks/Projects/RedRequest/Models\Trees\pine-branch-diff.tex.meta"...

Copying "/home/geldo/.local/share/Steam/steamapps/common/Leadwerks/Templates/Common/Models\Trees\pine01.mdl.meta" to "/home/geldo/Documents/Leadwerks/Projects/RedRequest/Models\Trees\pine01.mdl.meta"...

Copying "/home/geldo/.local/share/Steam/steamapps/common/Leadwerks/Templates/Common/Models\Trees\pine-trunk.mat.meta" to "/home/geldo/Documents/Leadwerks/Projects/RedRequest/Models\Trees\pine-trunk.mat.meta"...

Copying "/home/geldo/.local/share/Steam/steamapps/common/Leadwerks/Templates/Common/Models\Trees\pine01_billboard0_diffuse.tex" to "/home/geldo/Documents/Leadwerks/Projects/RedRequest/Models\Trees\pine01_billboard0_diffuse.tex"...

Copying "/home/geldo/.local/share/Steam/steamapps/common/Leadwerks/Templates/Common/Models\Trees\pine01_billboard1_diffuse.tex" to "/home/geldo/Documents/Leadwerks/Projects/RedRequest/Models\Trees\pine01_billboard1_diffuse.tex"...

Copying "/home/geldo/.local/share/Steam/steamapps/common/Leadwerks/Templates/Common/Models\Trees\pine-trunk.mat" to "/home/geldo/Documents/Leadwerks/Projects/RedRequest/Models\Trees\pine-trunk.mat"...

Copying "/home/geldo/.local/share/Steam/steamapps/common/Leadwerks/Templates/Common/Models\Trees\pine01_billboard1_emission.tex.meta" to "/home/geldo/Documents/Leadwerks/Projects/RedRequest/Models\Trees\pine01_billboard1_emission.tex.meta"...

Copying "/home/geldo/.local/share/Steam/steamapps/common/Leadwerks/Templates/Common/Models\Plants\bush01_billboard1_diffuse.tex.meta" to "/home/geldo/Documents/Leadwerks/Projects/RedRequest/Models\Plants\bush01_billboard1_diffuse.tex.meta"...

Copying "/home/geldo/.local/share/Steam/steamapps/common/Leadwerks/Templates/Common/Models\Plants\pine-leaf-fresh-diff.mat.meta" to "/home/geldo/Documents/Leadwerks/Projects/RedRequest/Models\Plants\pine-leaf-fresh-diff.mat.meta"...

Copying "/home/geldo/.local/share/Steam/steamapps/common/Leadwerks/Templates/Common/Models\Plants\pine-leaf-fresh.mat" to "/home/geldo/Documents/Leadwerks/Projects/RedRequest/Models\Plants\pine-leaf-fresh.mat"...

Copying "/home/geldo/.local/share/Steam/steamapps/common/Leadwerks/Templates/Common/Models\Plants\bush01.mdl" to "/home/geldo/Documents/Leadwerks/Projects/RedRequest/Models\Plants\bush01.mdl"...

Copying "/home/geldo/.local/share/Steam/steamapps/common/Leadwerks/Templates/Common/Models\Plants\bush01_billboard0_emission.tex.meta" to "/home/geldo/Documents/Leadwerks/Projects/RedRequest/Models\Plants\bush01_billboard0_emission.tex.meta"...

Copying "/home/geldo/.local/share/Steam/steamapps/common/Leadwerks/Templates/Common/Models\Plants\bush01_billboard1_normal.tex" to "/home/geldo/Documents/Leadwerks/Projects/RedRequest/Models\Plants\bush01_billboard1_normal.tex"...

Copying "/home/geldo/.local/share/Steam/steamapps/common/Leadwerks/Templates/Common/Models\Plants\pine-leaf-fresh-diff.tex.meta" to "/home/geldo/Documents/Leadwerks/Projects/RedRequest/Models\Plants\pine-leaf-fresh-diff.tex.meta"...

Copying "/home/geldo/.local/share/Steam/steamapps/common/Leadwerks/Templates/Common/Models\Plants\bush01.mdl.meta" to "/home/geldo/Documents/Leadwerks/Projects/RedRequest/Models\Plants\bush01.mdl.meta"...

Copying "/home/geldo/.local/share/Steam/steamapps/common/Leadwerks/Templates/Common/Models\Plants\pine-leaf-fresh-diff.tex" to "/home/geldo/Documents/Leadwerks/Projects/RedRequest/Models\Plants\pine-leaf-fresh-diff.tex"...

Copying "/home/geldo/.local/share/Steam/steamapps/common/Leadwerks/Templates/Common/Models\Plants\bush01_billboard1_diffuse.tex" to "/home/geldo/Documents/Leadwerks/Projects/RedRequest/Models\Plants\bush01_billboard1_diffuse.tex"...

Copying "/home/geldo/.local/share/Steam/steamapps/common/Leadwerks/Templates/Common/Models\Plants\bush01_billboard0_normal.tex" to "/home/geldo/Documents/Leadwerks/Projects/RedRequest/Models\Plants\bush01_billboard0_normal.tex"...

Copying "/home/geldo/.local/share/Steam/steamapps/common/Leadwerks/Templates/Common/Models\Plants\bush01_billboard0_normal.tex.meta" to "/home/geldo/Documents/Leadwerks/Projects/RedRequest/Models\Plants\bush01_billboard0_normal.tex.meta"...

Copying "/home/geldo/.local/share/Steam/steamapps/common/Leadwerks/Templates/Common/Models\Plants\bush01_billboard0_diffuse.tex.meta" to "/home/geldo/Documents/Leadwerks/Projects/RedRequest/Models\Plants\bush01_billboard0_diffuse.tex.meta"...

Copying "/home/geldo/.local/share/Steam/steamapps/common/Leadwerks/Templates/Common/Models\Plants\pine-leaf-fresh-norm.tex" to "/home/geldo/Documents/Leadwerks/Projects/RedRequest/Models\Plants\pine-leaf-fresh-norm.tex"...

Copying "/home/geldo/.local/share/Steam/steamapps/common/Leadwerks/Templates/Common/Models\Plants\bush01_billboard0_diffuse.tex" to "/home/geldo/Documents/Leadwerks/Projects/RedRequest/Models\Plants\bush01_billboard0_diffuse.tex"...

Copying "/home/geldo/.local/share/Steam/steamapps/common/Leadwerks/Templates/Common/Models\Plants\bush01_billboard1_normal.tex.meta" to "/home/geldo/Documents/Leadwerks/Projects/RedRequest/Models\Plants\bush01_billboard1_normal.tex.meta"...

Copying "/home/geldo/.local/share/Steam/steamapps/common/Leadwerks/Templates/Common/Models\Plants\pine-leaf-fresh-norm.tex.meta" to "/home/geldo/Documents/Leadwerks/Projects/RedRequest/Models\Plants\pine-leaf-fresh-norm.tex.meta"...

Copying "/home/geldo/.local/share/Steam/steamapps/common/Leadwerks/Templates/Common/Models\Plants\pine-leaf-fresh.mat.meta" to "/home/geldo/Documents/Leadwerks/Projects/RedRequest/Models\Plants\pine-leaf-fresh.mat.meta"...

Copying "/home/geldo/.local/share/Steam/steamapps/common/Leadwerks/Templates/Common/Models\Plants\bush01_billboard1_emission.tex.meta" to "/home/geldo/Documents/Leadwerks/Projects/RedRequest/Models\Plants\bush01_billboard1_emission.tex.meta"...

Copying "/home/geldo/.local/share/Steam/steamapps/common/Leadwerks/Templates/Common/Models\Plants\bush01_billboard0_emission.tex" to "/home/geldo/Documents/Leadwerks/Projects/RedRequest/Models\Plants\bush01_billboard0_emission.tex"...

Copying "/home/geldo/.local/share/Steam/steamapps/common/Leadwerks/Templates/Common/Models\Plants\bush01_billboard1_emission.tex" to "/home/geldo/Documents/Leadwerks/Projects/RedRequest/Models\Plants\bush01_billboard1_emission.tex"...

Copying "/home/geldo/.local/share/Steam/steamapps/common/Leadwerks/Templates/Common/$PROJECT_NAME.debug" to "/home/geldo/Documents/Leadwerks/Projects/RedRequest/RedRequest.debug"...

Copying "/home/geldo/.local/share/Steam/steamapps/common/Leadwerks/Templates/Advanced First-Person Shooter/Prefabs\Lighting\cagelight.pfb" to "/home/geldo/Documents/Leadwerks/Projects/RedRequest/Prefabs\Lighting\cagelight.pfb"...

Copying "/home/geldo/.local/share/Steam/steamapps/common/Leadwerks/Templates/Advanced First-Person Shooter/Prefabs\Props\crate_small.pfb" to "/home/geldo/Documents/Leadwerks/Projects/RedRequest/Prefabs\Props\crate_small.pfb"...

Copying "/home/geldo/.local/share/Steam/steamapps/common/Leadwerks/Templates/Advanced First-Person Shooter/Prefabs\Props\cardboardbox.pfb" to "/home/geldo/Documents/Leadwerks/Projects/RedRequest/Prefabs\Props\cardboardbox.pfb"...

Copying "/home/geldo/.local/share/Steam/steamapps/common/Leadwerks/Templates/Advanced First-Person Shooter/Prefabs\Props\crate_large.pfb" to "/home/geldo/Documents/Leadwerks/Projects/RedRequest/Prefabs\Props\crate_large.pfb"...

Copying "/home/geldo/.local/share/Steam/steamapps/common/Leadwerks/Templates/Advanced First-Person Shooter/Maps\07-AI and Events.map" to "/home/geldo/Documents/Leadwerks/Projects/RedRequest/Maps\07-AI and Events.map"...

